# JRE version: OpenJDK Runtime Environment (8.0_232-b09) (build 1.8.0_232-8u232-b09-1~deb9u1-b09)
# Java VM: OpenJDK 64-Bit Server VM (25.232-b09 mixed mode linux-amd64 compressed oops)
Heap:
 PSYoungGen      total 126464K, used 77577K [0x00000000f5580000, 0x0000000100000000, 0x0000000100000000)
  eden space 82432K, 93% used [0x00000000f5580000,0x00000000fa0a2420,0x00000000fa600000)
  from space 44032K, 1% used [0x00000000fa600000,0x00000000fa6a0020,0x00000000fd100000)
  to   space 43008K, 0% used [0x00000000fd600000,0x00000000fd600000,0x0000000100000000)
 ParOldGen       total 288256K, used 212896K [0x00000000e0000000, 0x00000000f1980000, 0x00000000f5580000)
  object space 288256K, 73% used [0x00000000e0000000,0x00000000ecfe8208,0x00000000f1980000)
 Metaspace       used 96949K, capacity 100722K, committed 100824K, reserved 1136640K
  class space    used 12165K, capacity 13030K, committed 13056K, reserved 1048576K
GC Heap History (10 events):
Event: 130,781 GC heap before
{Heap before GC invocations=49 (full 4):
 PSYoungGen      total 119296K, used 110412K [0x00000000f5580000, 0x0000000100000000, 0x0000000100000000)
  eden space 74240K, 100% used [0x00000000f5580000,0x00000000f9e00000,0x00000000f9e00000)
  from space 45056K, 80% used [0x00000000fd400000,0x00000000ff753180,0x0000000100000000)
  to   space 50176K, 0% used [0x00000000f9e00000,0x00000000f9e00000,0x00000000fcf00000)
 ParOldGen       total 288256K, used 194177K [0x00000000e0000000, 0x00000000f1980000, 0x00000000f5580000)
  object space 288256K, 67% used [0x00000000e0000000,0x00000000ebda0658,0x00000000f1980000)
 Metaspace       used 92324K, capacity 95864K, committed 96088K, reserved 1132544K
  class space    used 11829K, capacity 12627K, committed 12672K, reserved 1048576K
Event: 130,789 GC heap after
Heap after GC invocations=49 (full 4):
 PSYoungGen      total 124416K, used 9558K [0x00000000f5580000, 0x0000000100000000, 0x0000000100000000)
  eden space 74240K, 0% used [0x00000000f5580000,0x00000000f5580000,0x00000000f9e00000)
  from space 50176K, 19% used [0x00000000f9e00000,0x00000000fa755b08,0x00000000fcf00000)
  to   space 48128K, 0% used [0x00000000fd100000,0x00000000fd100000,0x0000000100000000)
 ParOldGen       total 288256K, used 198507K [0x00000000e0000000, 0x00000000f1980000, 0x00000000f5580000)
  object space 288256K, 68% used [0x00000000e0000000,0x00000000ec1dad60,0x00000000f1980000)
 Metaspace       used 92324K, capacity 95864K, committed 96088K, reserved 1132544K
  class space    used 11829K, capacity 12627K, committed 12672K, reserved 1048576K
}
Event: 2713,128 GC heap before
{Heap before GC invocations=50 (full 4):
 PSYoungGen      total 124416K, used 83798K [0x00000000f5580000, 0x0000000100000000, 0x0000000100000000)
  eden space 74240K, 100% used [0x00000000f5580000,0x00000000f9e00000,0x00000000f9e00000)
  from space 50176K, 19% used [0x00000000f9e00000,0x00000000fa755b08,0x00000000fcf00000)
  to   space 48128K, 0% used [0x00000000fd100000,0x00000000fd100000,0x0000000100000000)
 ParOldGen       total 288256K, used 198507K [0x00000000e0000000, 0x00000000f1980000, 0x00000000f5580000)
  object space 288256K, 68% used [0x00000000e0000000,0x00000000ec1dad60,0x00000000f1980000)
 Metaspace       used 96113K, capacity 99794K, committed 100056K, reserved 1136640K
  class space    used 12122K, capacity 12930K, committed 13056K, reserved 1048576K
Event: 2713,257 GC heap after
Heap after GC invocations=50 (full 4):
 PSYoungGen      total 120320K, used 3720K [0x00000000f5580000, 0x00000000ffc00000, 0x0000000100000000)
  eden space 76288K, 0% used [0x00000000f5580000,0x00000000f5580000,0x00000000fa000000)
  from space 44032K, 8% used [0x00000000fd100000,0x00000000fd4a2288,0x00000000ffc00000)
  to   space 47104K, 0% used [0x00000000fa000000,0x00000000fa000000,0x00000000fce00000)
 ParOldGen       total 288256K, used 207041K [0x00000000e0000000, 0x00000000f1980000, 0x00000000f5580000)
  object space 288256K, 71% used [0x00000000e0000000,0x00000000eca30400,0x00000000f1980000)
 Metaspace       used 96113K, capacity 99794K, committed 100056K, reserved 1136640K
  class space    used 12122K, capacity 12930K, committed 13056K, reserved 1048576K
}
Event: 3955,634 GC heap before
{Heap before GC invocations=51 (full 4):
 PSYoungGen      total 120320K, used 80008K [0x00000000f5580000, 0x00000000ffc00000, 0x0000000100000000)
  eden space 76288K, 100% used [0x00000000f5580000,0x00000000fa000000,0x00000000fa000000)
  from space 44032K, 8% used [0x00000000fd100000,0x00000000fd4a2288,0x00000000ffc00000)
  to   space 47104K, 0% used [0x00000000fa000000,0x00000000fa000000,0x00000000fce00000)
 ParOldGen       total 288256K, used 207041K [0x00000000e0000000, 0x00000000f1980000, 0x00000000f5580000)
  object space 288256K, 71% used [0x00000000e0000000,0x00000000eca30400,0x00000000f1980000)
 Metaspace       used 96549K, capacity 100284K, committed 100568K, reserved 1136640K
  class space    used 12133K, capacity 12945K, committed 13056K, reserved 1048576K
Event: 3961,449 GC heap after
Heap after GC invocations=51 (full 4):
 PSYoungGen      total 123392K, used 5504K [0x00000000f5580000, 0x00000000fff00000, 0x0000000100000000)
  eden space 76288K, 0% used [0x00000000f5580000,0x00000000f5580000,0x00000000fa000000)
  from space 47104K, 11% used [0x00000000fa000000,0x00000000fa560268,0x00000000fce00000)
  to   space 45056K, 0% used [0x00000000fd300000,0x00000000fd300000,0x00000000fff00000)
 ParOldGen       total 288256K, used 207650K [0x00000000e0000000, 0x00000000f1980000, 0x00000000f5580000)
  object space 288256K, 72% used [0x00000000e0000000,0x00000000ecac8a80,0x00000000f1980000)
 Metaspace       used 96549K, capacity 100284K, committed 100568K, reserved 1136640K
  class space    used 12133K, capacity 12945K, committed 13056K, reserved 1048576K
}
Event: 3969,451 GC heap before
{Heap before GC invocations=52 (full 4):
 PSYoungGen      total 123392K, used 81792K [0x00000000f5580000, 0x00000000fff00000, 0x0000000100000000)
  eden space 76288K, 100% used [0x00000000f5580000,0x00000000fa000000,0x00000000fa000000)
  from space 47104K, 11% used [0x00000000fa000000,0x00000000fa560268,0x00000000fce00000)
  to   space 45056K, 0% used [0x00000000fd300000,0x00000000fd300000,0x00000000fff00000)
 ParOldGen       total 288256K, used 207650K [0x00000000e0000000, 0x00000000f1980000, 0x00000000f5580000)
  object space 288256K, 72% used [0x00000000e0000000,0x00000000ecac8a80,0x00000000f1980000)
 Metaspace       used 96654K, capacity 100416K, committed 100568K, reserved 1136640K
  class space    used 12139K, capacity 12983K, committed 13056K, reserved 1048576K
Event: 3969,653 GC heap after
Heap after GC invocations=52 (full 4):
 PSYoungGen      total 124416K, used 3392K [0x00000000f5580000, 0x00000000ffc00000, 0x0000000100000000)
  eden space 82432K, 0% used [0x00000000f5580000,0x00000000f5580000,0x00000000fa600000)
  from space 41984K, 8% used [0x00000000fd300000,0x00000000fd650000,0x00000000ffc00000)
  to   space 44032K, 0% used [0x00000000fa600000,0x00000000fa600000,0x00000000fd100000)
 ParOldGen       total 288256K, used 212436K [0x00000000e0000000, 0x00000000f1980000, 0x00000000f5580000)
  object space 288256K, 73% used [0x00000000e0000000,0x00000000ecf751f8,0x00000000f1980000)
 Metaspace       used 96654K, capacity 100416K, committed 100568K, reserved 1136640K
  class space    used 12139K, capacity 12983K, committed 13056K, reserved 1048576K
}
Event: 4943,698 GC heap before
{Heap before GC invocations=53 (full 4):
 PSYoungGen      total 124416K, used 85824K [0x00000000f5580000, 0x00000000ffc00000, 0x0000000100000000)
  eden space 82432K, 100% used [0x00000000f5580000,0x00000000fa600000,0x00000000fa600000)
  from space 41984K, 8% used [0x00000000fd300000,0x00000000fd650000,0x00000000ffc00000)
  to   space 44032K, 0% used [0x00000000fa600000,0x00000000fa600000,0x00000000fd100000)
 ParOldGen       total 288256K, used 212436K [0x00000000e0000000, 0x00000000f1980000, 0x00000000f5580000)
  object space 288256K, 73% used [0x00000000e0000000,0x00000000ecf751f8,0x00000000f1980000)
 Metaspace       used 96734K, capacity 100502K, committed 100824K, reserved 1136640K
  class space    used 12143K, capacity 12986K, committed 13056K, reserved 1048576K
Event: 4944,504 GC heap after
Heap after GC invocations=53 (full 4):
 PSYoungGen      total 126464K, used 640K [0x00000000f5580000, 0x0000000100000000, 0x0000000100000000)
  eden space 82432K, 0% used [0x00000000f5580000,0x00000000f5580000,0x00000000fa600000)
  from space 44032K, 1% used [0x00000000fa600000,0x00000000fa6a0020,0x00000000fd100000)
  to   space 43008K, 0% used [0x00000000fd600000,0x00000000fd600000,0x0000000100000000)
 ParOldGen       total 288256K, used 212896K [0x00000000e0000000, 0x00000000f1980000, 0x00000000f5580000)
  object space 288256K, 73% used [0x00000000e0000000,0x00000000ecfe8208,0x00000000f1980000)
 Metaspace       used 96734K, capacity 100502K, committed 100824K, reserved 1136640K
  class space    used 12143K, capacity 12986K, committed 13056K, reserved 1048576K
}

